Request method:	GET
Request URI:	https://postman-echo.com/get
Proxy:			<none>
Request params:	<none>
Query params:	<none>
Form params:	<none>
Path params:	<none>
Headers:		Accept=*/*
Cookies:		<none>
Multiparts:		<none>
Body:			<none>
HTTP/1.1 200 OK
Date: Wed, 20 Dec 2023 05:46:47 GMT
Content-Type: application/json; charset=utf-8
Content-Length: 361
Connection: keep-alive
ETag: W/"169-BQKQ1uaEEAixHGORvdEBBwvpWeU"
set-cookie: sails.sid=s%3ANSttAnEcLSIZKPQ4z68FP4vF5zJYYKZh.ayRSUG5Ikf%2Fz6zydUR6C%2B4IoAJtI8eKWxcbF4oiinpQ; Path=/; HttpOnly

{
    "args": {
        
    },
    "headers": {
        "x-forwarded-proto": "https",
        "x-forwarded-port": "443",
        "host": "postman-echo.com",
        "x-amzn-trace-id": "Root=1-65827fc7-620e757e7f18b2813ed4cf8b",
        "accept": "*/*",
        "user-agent": "Apache-HttpClient/4.5.13 (Java/11.0.20)",
        "accept-encoding": "gzip,deflate"
    },
    "url": "https://postman-echo.com/get"
}
